
Showing logs for build [32mcb-kubecd-environment-pr-182-10-tg6qs-1[0m stage [32mfrom-build-pack[0m and container [32mstep-credential-initializer-cvrgx[0m
{"level":"warn","ts":1584167841.9601252,"logger":"fallback-logger","caller":"logging/config.go:69","msg":"Fetch GitHub commit ID from kodata failed: \"ref: refs/heads/0.8.0-**-support-backwards-incompats\" is not a valid GitHub commit ID"}
{"level":"info","ts":1584167841.9628944,"logger":"fallback-logger","caller":"creds-init/main.go:40","msg":"Credentials initialized."}

Showing logs for build [32mcb-kubecd-environment-pr-182-10-tg6qs-1[0m stage [32mfrom-build-pack[0m and container [32mstep-working-dir-initializer-tc4q4[0m
{"level":"warn","ts":1584167843.2629294,"logger":"fallback-logger","caller":"logging/config.go:69","msg":"Fetch GitHub commit ID from kodata failed: open /var/run/ko/HEAD: no such file or directory"}
{"level":"info","ts":1584167843.2646642,"logger":"fallback-logger","caller":"bash/main.go:64","msg":"Successfully executed command \"sh -c mkdir -p /workspace/source\"; output "}

Showing logs for build [32mcb-kubecd-environment-pr-182-10-tg6qs-1[0m stage [32mfrom-build-pack[0m and container [32mstep-place-tools[0m

Showing logs for build [32mcb-kubecd-environment-pr-182-10-tg6qs-1[0m stage [32mfrom-build-pack[0m and container [32mstep-git-source-cb-kubecd-environment-pr-182-10-tg6qs-5h5sh[0m
{"level":"warn","ts":1584167850.5149362,"logger":"fallback-logger","caller":"logging/config.go:69","msg":"Fetch GitHub commit ID from kodata failed: \"ref: refs/heads/0.8.0-**-support-backwards-incompats\" is not a valid GitHub commit ID"}
{"level":"info","ts":1584167851.7169662,"logger":"fallback-logger","caller":"git/git.go:103","msg":"Successfully cloned https://github.com/cb-kubecd/environment-pr-182-10-boot-vault-gke-staging.git @ master in path /workspace/source"}

Showing logs for build [32mcb-kubecd-environment-pr-182-10-tg6qs-1[0m stage [32mfrom-build-pack[0m and container [32mstep-git-merge[0m
Using SHAs from PULL_REFS=master:010e81a58c2eee3977763d8db3d810fadc1a0d2b,1:fb9884fb57c0f53c398379e3dc196be2c9ab4463
DEBUG: LC_ALL=C JX_LOG_LEVEL=error git fetch origin --unshallow fb9884fb57c0f53c398379e3dc196be2c9ab4463: 010e81a58c2eee3977763d8db3d810fadc1a0d2b:
DEBUG: ran git fetch --unshallow origin fb9884fb57c0f53c398379e3dc196be2c9ab4463: 010e81a58c2eee3977763d8db3d810fadc1a0d2b: in 
DEBUG: LC_ALL=C JX_LOG_LEVEL=error git branch
DEBUG: LC_ALL=C JX_LOG_LEVEL=error git checkout master
DEBUG: ran git checkout master in 
DEBUG: LC_ALL=C JX_LOG_LEVEL=error git reset --hard 010e81a58c2eee3977763d8db3d810fadc1a0d2b
DEBUG: ran git reset --hard 010e81a58c2eee3977763d8db3d810fadc1a0d2b in 
DEBUG: LC_ALL=C JX_LOG_LEVEL=error git clean -fd .
DEBUG: ran clean --force -d . in 
DEBUG: LC_ALL=C JX_LOG_LEVEL=error git merge fb9884fb57c0f53c398379e3dc196be2c9ab4463
DEBUG: ran git merge fb9884fb57c0f53c398379e3dc196be2c9ab4463 in 
DEBUG: LC_ALL=C JX_LOG_LEVEL=error git log --format=%H%x1f%an%x1f%ae%x1f%cn%x1f%ce%x1f%s%n%b%x1e 010e81a58c2eee3977763d8db3d810fadc1a0d2b..HEAD
Merged SHA fb9884fb57c0f53c398379e3dc196be2c9ab4463 with commit message 'chore: Promote bdd-spring-1584167513 to version 0.0.1' into base branch master

Showing logs for build [32mcb-kubecd-environment-pr-182-10-tg6qs-1[0m stage [32mfrom-build-pack[0m and container [32mstep-build-helm-build[0m
WARNING: No $CHART_REPOSITORY defined so using the default value of: http://jenkins-x-chartmuseum:8080
Adding missing Helm repo: storage.googleapis.com https://storage.googleapis.com/chartmuseum.jenkins-x.io
WARNING: No secrets found on "helm/repos" due: reading the secret "helm/repos" from vault: no secret "helm/repos" not found in vault
Read credentials for https://storage.googleapis.com/chartmuseum.jenkins-x.io from vault helm/repos
Successfully added Helm repository storage.googleapis.com.
Adding missing Helm repo: jenkins-x-chartmuseum http://jenkins-x-chartmuseum:8080
WARNING: No secrets found on "helm/repos" due: reading the secret "helm/repos" from vault: no secret "helm/repos" not found in vault
Read credentials for http://jenkins-x-chartmuseum:8080 from vault helm/repos
Successfully added Helm repository jenkins-x-chartmuseum.
WARNING: No $CHART_REPOSITORY defined so using the default value of: http://jenkins-x-chartmuseum:8080
Adding missing Helm repo: chartmuseum.jenkins-x.io http://chartmuseum.jenkins-x.io
WARNING: No secrets found on "helm/repos" due: reading the secret "helm/repos" from vault: no secret "helm/repos" not found in vault
Read credentials for http://chartmuseum.jenkins-x.io from vault helm/repos
Successfully added Helm repository chartmuseum.jenkins-x.io.
